# JRE version: OpenJDK Runtime Environment Temurin-21.0.3+9 (21.0.3+9) (build 21.0.3+9-LTS)
# Java VM: OpenJDK 64-Bit Server VM Temurin-21.0.3+9 (21.0.3+9-LTS, mixed mode, emulated-client, tiered, compressed oops, compressed class ptrs, g1 gc, windows-amd64)
GC Precious Log:
 CardTable entry size: 512
 Card Set container configuration: InlinePtr #cards 4 size 8 Array Of Cards #cards 16 size 48 Howl #buckets 8 coarsen threshold 3686 Howl Bitmap #cards 512 size 80 coarsen threshold 460 Card regions per heap region 1 cards per card region 4096
 CPUs: 12 total, 12 available
 Memory: 16076M
 Large Page Support: Disabled
 NUMA Support: Disabled
 Compressed Oops: Enabled (Zero based)
 Heap Region Size: 2M
 Heap Min Capacity: 8M
 Heap Initial Capacity: 252M
 Heap Max Capacity: 4020M
 Pre-touch: Disabled
 Parallel Workers: 10
 Concurrent Workers: 3
 Concurrent Refinement Workers: 10
 Periodic GC: Disabled
Heap:
 garbage-first heap   total 165888K, used 54604K [0x0000000704c00000, 0x0000000800000000)
  region size 2048K, 9 young (18432K), 4 survivors (8192K)
 Metaspace       used 91378K, committed 92160K, reserved 1179648K
  class space    used 12062K, committed 12416K, reserved 1048576K
GC Heap History (20 events):
Event: 444.301 GC heap after
{Heap after GC invocations=27 (full 1):
 garbage-first heap   total 137216K, used 35101K [0x0000000704c00000, 0x0000000800000000)
  region size 2048K, 0 young (0K), 0 survivors (0K)
 Metaspace       used 90067K, committed 91008K, reserved 1179648K
  class space    used 11964K, committed 12416K, reserved 1048576K
}
Event: 444.656 GC heap before
{Heap before GC invocations=27 (full 1):
 garbage-first heap   total 137216K, used 117021K [0x0000000704c00000, 0x0000000800000000)
  region size 2048K, 40 young (81920K), 0 survivors (0K)
 Metaspace       used 90222K, committed 91136K, reserved 1179648K
  class space    used 11987K, committed 12416K, reserved 1048576K
}
Event: 444.659 GC heap after
{Heap after GC invocations=28 (full 1):
 garbage-first heap   total 137216K, used 39578K [0x0000000704c00000, 0x0000000800000000)
  region size 2048K, 3 young (6144K), 3 survivors (6144K)
 Metaspace       used 90222K, committed 91136K, reserved 1179648K
  class space    used 11987K, committed 12416K, reserved 1048576K
}
Event: 444.882 GC heap before
{Heap before GC invocations=29 (full 1):
 garbage-first heap   total 137216K, used 115354K [0x0000000704c00000, 0x0000000800000000)
  region size 2048K, 40 young (81920K), 3 survivors (6144K)
 Metaspace       used 89994K, committed 91200K, reserved 1179648K
  class space    used 11890K, committed 12416K, reserved 1048576K
}
Event: 444.886 GC heap after
{Heap after GC invocations=30 (full 1):
 garbage-first heap   total 137216K, used 41513K [0x0000000704c00000, 0x0000000800000000)
  region size 2048K, 4 young (8192K), 4 survivors (8192K)
 Metaspace       used 89994K, committed 91200K, reserved 1179648K
  class space    used 11890K, committed 12416K, reserved 1048576K
}
Event: 446.605 GC heap before
{Heap before GC invocations=30 (full 1):
 garbage-first heap   total 137216K, used 113193K [0x0000000704c00000, 0x0000000800000000)
  region size 2048K, 39 young (79872K), 4 survivors (8192K)
 Metaspace       used 90359K, committed 91392K, reserved 1179648K
  class space    used 11916K, committed 12416K, reserved 1048576K
}
Event: 446.611 GC heap after
{Heap after GC invocations=31 (full 1):
 garbage-first heap   total 137216K, used 44465K [0x0000000704c00000, 0x0000000800000000)
  region size 2048K, 3 young (6144K), 3 survivors (6144K)
 Metaspace       used 90359K, committed 91392K, reserved 1179648K
  class space    used 11916K, committed 12416K, reserved 1048576K
}
Event: 446.749 GC heap before
{Heap before GC invocations=31 (full 1):
 garbage-first heap   total 137216K, used 118193K [0x0000000704c00000, 0x0000000800000000)
  region size 2048K, 39 young (79872K), 3 survivors (6144K)
 Metaspace       used 90359K, committed 91392K, reserved 1179648K
  class space    used 11917K, committed 12416K, reserved 1048576K
}
Event: 446.752 GC heap after
{Heap after GC invocations=32 (full 1):
 garbage-first heap   total 137216K, used 45782K [0x0000000704c00000, 0x0000000800000000)
  region size 2048K, 4 young (8192K), 4 survivors (8192K)
 Metaspace       used 90359K, committed 91392K, reserved 1179648K
  class space    used 11917K, committed 12416K, reserved 1048576K
}
Event: 592.488 GC heap before
{Heap before GC invocations=32 (full 1):
 garbage-first heap   total 137216K, used 86742K [0x0000000704c00000, 0x0000000800000000)
  region size 2048K, 26 young (53248K), 4 survivors (8192K)
 Metaspace       used 90687K, committed 91456K, reserved 1179648K
  class space    used 12001K, committed 12416K, reserved 1048576K
}
Event: 592.532 GC heap after
{Heap after GC invocations=33 (full 2):
 garbage-first heap   total 137216K, used 34553K [0x0000000704c00000, 0x0000000800000000)
  region size 2048K, 0 young (0K), 0 survivors (0K)
 Metaspace       used 90634K, committed 91456K, reserved 1179648K
  class space    used 11993K, committed 12416K, reserved 1048576K
}
Event: 592.870 GC heap before
{Heap before GC invocations=33 (full 2):
 garbage-first heap   total 137216K, used 116473K [0x0000000704c00000, 0x0000000800000000)
  region size 2048K, 40 young (81920K), 0 survivors (0K)
 Metaspace       used 90788K, committed 91584K, reserved 1179648K
  class space    used 12017K, committed 12416K, reserved 1048576K
}
Event: 592.872 GC heap after
{Heap after GC invocations=34 (full 2):
 garbage-first heap   total 137216K, used 38895K [0x0000000704c00000, 0x0000000800000000)
  region size 2048K, 3 young (6144K), 3 survivors (6144K)
 Metaspace       used 90788K, committed 91584K, reserved 1179648K
  class space    used 12017K, committed 12416K, reserved 1048576K
}
Event: 593.045 GC heap before
{Heap before GC invocations=34 (full 2):
 garbage-first heap   total 137216K, used 114671K [0x0000000704c00000, 0x0000000800000000)
  region size 2048K, 40 young (81920K), 3 survivors (6144K)
 Metaspace       used 91005K, committed 91776K, reserved 1179648K
  class space    used 12034K, committed 12416K, reserved 1048576K
}
Event: 593.048 GC heap after
{Heap after GC invocations=35 (full 2):
 garbage-first heap   total 137216K, used 40683K [0x0000000704c00000, 0x0000000800000000)
  region size 2048K, 3 young (6144K), 3 survivors (6144K)
 Metaspace       used 91005K, committed 91776K, reserved 1179648K
  class space    used 12034K, committed 12416K, reserved 1048576K
}
Event: 593.251 GC heap before
{Heap before GC invocations=35 (full 2):
 garbage-first heap   total 137216K, used 116459K [0x0000000704c00000, 0x0000000800000000)
  region size 2048K, 40 young (81920K), 3 survivors (6144K)
 Metaspace       used 91362K, committed 92096K, reserved 1179648K
  class space    used 12059K, committed 12416K, reserved 1048576K
}
Event: 593.256 GC heap after
{Heap after GC invocations=36 (full 2):
 garbage-first heap   total 165888K, used 42979K [0x0000000704c00000, 0x0000000800000000)
  region size 2048K, 3 young (6144K), 3 survivors (6144K)
 Metaspace       used 91362K, committed 92096K, reserved 1179648K
  class space    used 12059K, committed 12416K, reserved 1048576K
}
Event: 593.428 GC heap before
{Heap before GC invocations=36 (full 2):
 garbage-first heap   total 165888K, used 135139K [0x0000000704c00000, 0x0000000800000000)
  region size 2048K, 48 young (98304K), 3 survivors (6144K)
 Metaspace       used 91364K, committed 92096K, reserved 1179648K
  class space    used 12059K, committed 12416K, reserved 1048576K
}
Event: 593.432 GC heap after
{Heap after GC invocations=37 (full 2):
 garbage-first heap   total 165888K, used 44372K [0x0000000704c00000, 0x0000000800000000)
  region size 2048K, 4 young (8192K), 4 survivors (8192K)
 Metaspace       used 91364K, committed 92096K, reserved 1179648K
  class space    used 12059K, committed 12416K, reserved 1048576K
}
Event: 678.736 GC heap before
{Heap before GC invocations=37 (full 2):
 garbage-first heap   total 165888K, used 52564K [0x0000000704c00000, 0x0000000800000000)
  region size 2048K, 9 young (18432K), 4 survivors (8192K)
 Metaspace       used 91378K, committed 92160K, reserved 1179648K
  class space    used 12062K, committed 12416K, reserved 1048576K
}

