# JRE version: OpenJDK Runtime Environment Temurin-21.0.3+9 (21.0.3+9) (build 21.0.3+9-LTS)
# Java VM: OpenJDK 64-Bit Server VM Temurin-21.0.3+9 (21.0.3+9-LTS, mixed mode, emulated-client, tiered, compressed oops, compressed class ptrs, g1 gc, windows-amd64)
GC Precious Log:
 CardTable entry size: 512
 Card Set container configuration: InlinePtr #cards 4 size 8 Array Of Cards #cards 16 size 48 Howl #buckets 8 coarsen threshold 3686 Howl Bitmap #cards 512 size 80 coarsen threshold 460 Card regions per heap region 1 cards per card region 4096
 CPUs: 12 total, 12 available
 Memory: 16076M
 Large Page Support: Disabled
 NUMA Support: Disabled
 Compressed Oops: Enabled (Zero based)
 Heap Region Size: 2M
 Heap Min Capacity: 8M
 Heap Initial Capacity: 252M
 Heap Max Capacity: 4020M
 Pre-touch: Disabled
 Parallel Workers: 10
 Concurrent Workers: 3
 Concurrent Refinement Workers: 10
 Periodic GC: Disabled
Heap:
 garbage-first heap   total 96256K, used 73997K [0x0000000704c00000, 0x0000000800000000)
  region size 2048K, 26 young (53248K), 0 survivors (0K)
 Metaspace       used 82633K, committed 83328K, reserved 1179648K
  class space    used 10769K, committed 11136K, reserved 1048576K
GC Heap History (20 events):
Event: 241.445 GC heap before
{Heap before GC invocations=25 (full 2):
 garbage-first heap   total 96256K, used 79322K [0x0000000704c00000, 0x0000000800000000)
  region size 2048K, 28 young (57344K), 0 survivors (0K)
 Metaspace       used 81521K, committed 82432K, reserved 1179648K
  class space    used 10675K, committed 11072K, reserved 1048576K
}
Event: 241.447 GC heap after
{Heap after GC invocations=26 (full 2):
 garbage-first heap   total 96256K, used 28831K [0x0000000704c00000, 0x0000000800000000)
  region size 2048K, 3 young (6144K), 3 survivors (6144K)
 Metaspace       used 81521K, committed 82432K, reserved 1179648K
  class space    used 10675K, committed 11072K, reserved 1048576K
}
Event: 256.143 GC heap before
{Heap before GC invocations=26 (full 2):
 garbage-first heap   total 96256K, used 37023K [0x0000000704c00000, 0x0000000800000000)
  region size 2048K, 9 young (18432K), 3 survivors (6144K)
 Metaspace       used 81524K, committed 82432K, reserved 1179648K
  class space    used 10675K, committed 11072K, reserved 1048576K
}
Event: 256.170 GC heap after
{Heap after GC invocations=27 (full 3):
 garbage-first heap   total 96256K, used 24137K [0x0000000704c00000, 0x0000000800000000)
  region size 2048K, 0 young (0K), 0 survivors (0K)
 Metaspace       used 81521K, committed 82432K, reserved 1179648K
  class space    used 10675K, committed 11072K, reserved 1048576K
}
Event: 256.543 GC heap before
{Heap before GC invocations=27 (full 3):
 garbage-first heap   total 96256K, used 79433K [0x0000000704c00000, 0x0000000800000000)
  region size 2048K, 28 young (57344K), 0 survivors (0K)
 Metaspace       used 81735K, committed 82496K, reserved 1179648K
  class space    used 10692K, committed 11072K, reserved 1048576K
}
Event: 256.546 GC heap after
{Heap after GC invocations=28 (full 3):
 garbage-first heap   total 96256K, used 29048K [0x0000000704c00000, 0x0000000800000000)
  region size 2048K, 3 young (6144K), 3 survivors (6144K)
 Metaspace       used 81735K, committed 82496K, reserved 1179648K
  class space    used 10692K, committed 11072K, reserved 1048576K
}
Event: 263.095 GC heap before
{Heap before GC invocations=28 (full 3):
 garbage-first heap   total 96256K, used 39288K [0x0000000704c00000, 0x0000000800000000)
  region size 2048K, 9 young (18432K), 3 survivors (6144K)
 Metaspace       used 81739K, committed 82496K, reserved 1179648K
  class space    used 10692K, committed 11072K, reserved 1048576K
}
Event: 263.125 GC heap after
{Heap after GC invocations=29 (full 4):
 garbage-first heap   total 96256K, used 24330K [0x0000000704c00000, 0x0000000800000000)
  region size 2048K, 0 young (0K), 0 survivors (0K)
 Metaspace       used 81736K, committed 82496K, reserved 1179648K
  class space    used 10692K, committed 11072K, reserved 1048576K
}
Event: 263.432 GC heap before
{Heap before GC invocations=29 (full 4):
 garbage-first heap   total 96256K, used 77578K [0x0000000704c00000, 0x0000000800000000)
  region size 2048K, 27 young (55296K), 0 survivors (0K)
 Metaspace       used 81959K, committed 82624K, reserved 1179648K
  class space    used 10712K, committed 11072K, reserved 1048576K
}
Event: 263.435 GC heap after
{Heap after GC invocations=30 (full 4):
 garbage-first heap   total 96256K, used 29321K [0x0000000704c00000, 0x0000000800000000)
  region size 2048K, 3 young (6144K), 3 survivors (6144K)
 Metaspace       used 81959K, committed 82624K, reserved 1179648K
  class space    used 10712K, committed 11072K, reserved 1048576K
}
Event: 277.165 GC heap before
{Heap before GC invocations=30 (full 4):
 garbage-first heap   total 96256K, used 41609K [0x0000000704c00000, 0x0000000800000000)
  region size 2048K, 10 young (20480K), 3 survivors (6144K)
 Metaspace       used 81963K, committed 82624K, reserved 1179648K
  class space    used 10712K, committed 11072K, reserved 1048576K
}
Event: 277.190 GC heap after
{Heap after GC invocations=31 (full 5):
 garbage-first heap   total 96256K, used 24518K [0x0000000704c00000, 0x0000000800000000)
  region size 2048K, 0 young (0K), 0 survivors (0K)
 Metaspace       used 81959K, committed 82624K, reserved 1179648K
  class space    used 10712K, committed 11072K, reserved 1048576K
}
Event: 277.493 GC heap before
{Heap before GC invocations=31 (full 5):
 garbage-first heap   total 96256K, used 77766K [0x0000000704c00000, 0x0000000800000000)
  region size 2048K, 27 young (55296K), 0 survivors (0K)
 Metaspace       used 82187K, committed 82880K, reserved 1179648K
  class space    used 10732K, committed 11136K, reserved 1048576K
}
Event: 277.496 GC heap after
{Heap after GC invocations=32 (full 5):
 garbage-first heap   total 96256K, used 29477K [0x0000000704c00000, 0x0000000800000000)
  region size 2048K, 3 young (6144K), 3 survivors (6144K)
 Metaspace       used 82187K, committed 82880K, reserved 1179648K
  class space    used 10732K, committed 11136K, reserved 1048576K
}
Event: 283.040 GC heap before
{Heap before GC invocations=32 (full 5):
 garbage-first heap   total 96256K, used 39717K [0x0000000704c00000, 0x0000000800000000)
  region size 2048K, 9 young (18432K), 3 survivors (6144K)
 Metaspace       used 82192K, committed 82944K, reserved 1179648K
  class space    used 10733K, committed 11136K, reserved 1048576K
}
Event: 283.066 GC heap after
{Heap after GC invocations=33 (full 6):
 garbage-first heap   total 96256K, used 24709K [0x0000000704c00000, 0x0000000800000000)
  region size 2048K, 0 young (0K), 0 survivors (0K)
 Metaspace       used 82189K, committed 82944K, reserved 1179648K
  class space    used 10732K, committed 11136K, reserved 1048576K
}
Event: 283.367 GC heap before
{Heap before GC invocations=33 (full 6):
 garbage-first heap   total 96256K, used 77957K [0x0000000704c00000, 0x0000000800000000)
  region size 2048K, 27 young (55296K), 0 survivors (0K)
 Metaspace       used 82405K, committed 83136K, reserved 1179648K
  class space    used 10750K, committed 11136K, reserved 1048576K
}
Event: 283.370 GC heap after
{Heap after GC invocations=34 (full 6):
 garbage-first heap   total 96256K, used 29755K [0x0000000704c00000, 0x0000000800000000)
  region size 2048K, 3 young (6144K), 3 survivors (6144K)
 Metaspace       used 82405K, committed 83136K, reserved 1179648K
  class space    used 10750K, committed 11136K, reserved 1048576K
}
Event: 308.124 GC heap before
{Heap before GC invocations=34 (full 6):
 garbage-first heap   total 96256K, used 42043K [0x0000000704c00000, 0x0000000800000000)
  region size 2048K, 10 young (20480K), 3 survivors (6144K)
 Metaspace       used 82408K, committed 83136K, reserved 1179648K
  class space    used 10750K, committed 11136K, reserved 1048576K
}
Event: 308.154 GC heap after
{Heap after GC invocations=35 (full 7):
 garbage-first heap   total 96256K, used 24845K [0x0000000704c00000, 0x0000000800000000)
  region size 2048K, 0 young (0K), 0 survivors (0K)
 Metaspace       used 82405K, committed 83136K, reserved 1179648K
  class space    used 10750K, committed 11136K, reserved 1048576K
}

